<?xml version="1.0" encoding="UTF-8"?>
<!-- Generated by org.testng.reporters.JUnitReportReporter -->
<testsuite hostname="LAPTOP-JPD14JED" failures="0" tests="1" name="com.testcase.text_box" time="4.203" errors="0" timestamp="2024-10-22T17:01:02 IST" skipped="0">
  <testcase classname="com.testcase.text_box" name="entertext" time="4.203"/>
  <system-out/>
</testsuite> <!-- com.testcase.text_box -->
